<?xml version="1.0" encoding="UTF-8"?>
<testng-results ignored="0" total="1" passed="0" failed="1" skipped="0">
  <reporter-output>
    <line>
      <![CDATA[=== Connecting to Database and Configuring Reports ===]]>
    </line>
    <line>
      <![CDATA[=== Launching Browser ===]]>
    </line>
    <line>
      <![CDATA[=== Logging into Application ===]]>
    </line>
    <line>
      <![CDATA[category created successfully]]>
    </line>
    <line>
      <![CDATA[=== Logging out of Application ===]]>
    </line>
    <line>
      <![CDATA[=== Closing DB Connection and Generating Reports ===]]>
    </line>
  </reporter-output>
  <suite started-at="2025-03-17T15:45:10 IST" name="Default suite" finished-at="2025-03-17T15:45:26 IST" duration-ms="16010">
    <groups>
      <group name="System">
        <method signature="CreateCategoryTest.createCategory()[pri:0, instance:com.joom.automation.SystemTestCases.CreateCategoryTest@291b4bf5]" name="createCategory" class="com.joom.automation.SystemTestCases.CreateCategoryTest"/>
      </group> <!-- System -->
    </groups>
    <test started-at="2025-03-17T15:45:10 IST" name="Default test" finished-at="2025-03-17T15:45:26 IST" duration-ms="16010">
      <class name="com.joom.automation.SystemTestCases.CreateCategoryTest">
        <test-method is-config="true" signature="configBS()[pri:0, instance:com.joom.automation.SystemTestCases.CreateCategoryTest@291b4bf5]" started-at="2025-03-17T15:45:10 IST" name="configBS" finished-at="2025-03-17T15:45:10 IST" duration-ms="16" status="PASS">
          <reporter-output>
            <line>
              <![CDATA[=== Connecting to Database and Configuring Reports ===]]>
            </line>
          </reporter-output>
        </test-method> <!-- configBS -->
        <test-method is-config="true" signature="configBC()[pri:0, instance:com.joom.automation.SystemTestCases.CreateCategoryTest@291b4bf5]" started-at="2025-03-17T15:45:10 IST" name="configBC" finished-at="2025-03-17T15:45:18 IST" duration-ms="8279" status="PASS">
          <reporter-output>
            <line>
              <![CDATA[=== Launching Browser ===]]>
            </line>
          </reporter-output>
        </test-method> <!-- configBC -->
        <test-method is-config="true" signature="configBM()[pri:0, instance:com.joom.automation.SystemTestCases.CreateCategoryTest@291b4bf5]" started-at="2025-03-17T15:45:18 IST" name="configBM" finished-at="2025-03-17T15:45:18 IST" duration-ms="1" status="PASS">
          <reporter-output>
            <line>
              <![CDATA[=== Logging into Application ===]]>
            </line>
          </reporter-output>
        </test-method> <!-- configBM -->
        <test-method signature="createCategory()[pri:0, instance:com.joom.automation.SystemTestCases.CreateCategoryTest@291b4bf5]" started-at="2025-03-17T15:45:18 IST" name="createCategory" finished-at="2025-03-17T15:45:25 IST" duration-ms="6874" status="FAIL">
          <exception class="java.lang.AssertionError">
            <message>
              <![CDATA[The following asserts failed:
expected [true] but found [false]]]>
            </message>
            <full-stacktrace>
              <![CDATA[java.lang.AssertionError: The following asserts failed:
expected [true] but found [false]
at org.testng.asserts.SoftAssert.assertAll(SoftAssert.java:46)
at org.testng.asserts.SoftAssert.assertAll(SoftAssert.java:30)
at com.joom.automation.SystemTestCases.CreateCategoryTest.createCategory(CreateCategoryTest.java:72)
at java.base/jdk.internal.reflect.DirectMethodHandleAccessor.invoke(DirectMethodHandleAccessor.java:103)
at java.base/java.lang.reflect.Method.invoke(Method.java:580)
at org.testng.internal.invokers.MethodInvocationHelper.invokeMethod(MethodInvocationHelper.java:141)
at org.testng.internal.invokers.TestInvoker.invokeMethod(TestInvoker.java:686)
at org.testng.internal.invokers.TestInvoker.invokeTestMethod(TestInvoker.java:230)
at org.testng.internal.invokers.MethodRunner.runInSequence(MethodRunner.java:63)
at org.testng.internal.invokers.TestInvoker$MethodInvocationAgent.invoke(TestInvoker.java:992)
at org.testng.internal.invokers.TestInvoker.invokeTestMethods(TestInvoker.java:203)
at org.testng.internal.invokers.TestMethodWorker.invokeTestMethods(TestMethodWorker.java:154)
at org.testng.internal.invokers.TestMethodWorker.run(TestMethodWorker.java:134)
at java.base/java.util.ArrayList.forEach(ArrayList.java:1597)
at org.testng.TestRunner.privateRun(TestRunner.java:739)
at org.testng.TestRunner.run(TestRunner.java:614)
at org.testng.SuiteRunner.runTest(SuiteRunner.java:421)
at org.testng.SuiteRunner.runSequentially(SuiteRunner.java:413)
at org.testng.SuiteRunner.privateRun(SuiteRunner.java:373)
at org.testng.SuiteRunner.run(SuiteRunner.java:312)
at org.testng.SuiteRunnerWorker.runSuite(SuiteRunnerWorker.java:52)
at org.testng.SuiteRunnerWorker.run(SuiteRunnerWorker.java:95)
at org.testng.TestNG.runSuitesSequentially(TestNG.java:1274)
at org.testng.TestNG.runSuitesLocally(TestNG.java:1208)
at org.testng.TestNG.runSuites(TestNG.java:1112)
at org.testng.TestNG.run(TestNG.java:1079)
at org.testng.remote.AbstractRemoteTestNG.run(AbstractRemoteTestNG.java:115)
at org.testng.remote.RemoteTestNG.initAndRun(RemoteTestNG.java:293)
at org.testng.remote.RemoteTestNG.main(RemoteTestNG.java:91)
]]>
            </full-stacktrace>
          </exception> <!-- java.lang.AssertionError -->
          <reporter-output>
            <line>
              <![CDATA[category created successfully]]>
            </line>
          </reporter-output>
        </test-method> <!-- createCategory -->
        <test-method is-config="true" signature="configAM()[pri:0, instance:com.joom.automation.SystemTestCases.CreateCategoryTest@291b4bf5]" started-at="2025-03-17T15:45:25 IST" name="configAM" finished-at="2025-03-17T15:45:25 IST" duration-ms="1" status="PASS">
          <reporter-output>
            <line>
              <![CDATA[=== Logging out of Application ===]]>
            </line>
          </reporter-output>
        </test-method> <!-- configAM -->
        <test-method is-config="true" signature="configAC()[pri:0, instance:com.joom.automation.SystemTestCases.CreateCategoryTest@291b4bf5]" started-at="2025-03-17T15:45:25 IST" name="configAC" finished-at="2025-03-17T15:45:26 IST" duration-ms="356" status="PASS">
          <reporter-output>
          </reporter-output>
        </test-method> <!-- configAC -->
        <test-method is-config="true" signature="configAS()[pri:0, instance:com.joom.automation.SystemTestCases.CreateCategoryTest@291b4bf5]" started-at="2025-03-17T15:45:26 IST" name="configAS" finished-at="2025-03-17T15:45:26 IST" duration-ms="2" status="PASS">
          <reporter-output>
            <line>
              <![CDATA[=== Closing DB Connection and Generating Reports ===]]>
            </line>
          </reporter-output>
        </test-method> <!-- configAS -->
      </class> <!-- com.joom.automation.SystemTestCases.CreateCategoryTest -->
    </test> <!-- Default test -->
  </suite> <!-- Default suite -->
</testng-results>
